0 info it worked if it ends with ok
1 verbose cli [ '/Users/tompearson/.nvm/versions/node/v6.2.2/bin/node',
1 verbose cli   '/Users/tompearson/.nvm/versions/node/v6.2.2/bin/npm',
1 verbose cli   'run',
1 verbose cli   'test' ]
2 info using npm@3.9.5
3 info using node@v6.2.2
4 verbose run-script [ 'pretest', 'test', 'posttest' ]
5 info lifecycle d3-londoncarto@0.0.1~pretest: d3-londoncarto@0.0.1
6 verbose lifecycle d3-londoncarto@0.0.1~pretest: unsafe-perm in lifecycle true
7 verbose lifecycle d3-londoncarto@0.0.1~pretest: PATH: /Users/tompearson/.nvm/versions/node/v6.2.2/lib/node_modules/npm/bin/node-gyp-bin:/Users/tompearson/Sites/london-carto/node_modules/.bin:/Users/tompearson/.nvm/versions/node/v6.2.2/bin:/Users/tompearson/.nvm/versions/node/v6.2.2/bin:/Users/tompearson/npm/bin:/Users/tompearson/.nvm/nvm.sh:/Library/Frameworks/GDAL.framework/Programs:/usr/local/bin:/usr/bin:/bin:/usr/sbin:/sbin:/usr/local/git/bin:/Users/tompearson/.rvm/bin
8 verbose lifecycle d3-londoncarto@0.0.1~pretest: CWD: /Users/tompearson/Sites/london-carto
9 silly lifecycle d3-londoncarto@0.0.1~pretest: Args: [ '-c',
9 silly lifecycle   'rm -rf build && mkdir build && rollup -g d3-dsv:d3 -f umd -n d3 -o build/d3-londoncarto.js -- index.js' ]
10 silly lifecycle d3-londoncarto@0.0.1~pretest: Returned: code: 0  signal: null
11 info lifecycle d3-londoncarto@0.0.1~test: d3-londoncarto@0.0.1
12 verbose lifecycle d3-londoncarto@0.0.1~test: unsafe-perm in lifecycle true
13 verbose lifecycle d3-londoncarto@0.0.1~test: PATH: /Users/tompearson/.nvm/versions/node/v6.2.2/lib/node_modules/npm/bin/node-gyp-bin:/Users/tompearson/Sites/london-carto/node_modules/.bin:/Users/tompearson/.nvm/versions/node/v6.2.2/bin:/Users/tompearson/.nvm/versions/node/v6.2.2/bin:/Users/tompearson/npm/bin:/Users/tompearson/.nvm/nvm.sh:/Library/Frameworks/GDAL.framework/Programs:/usr/local/bin:/usr/bin:/bin:/usr/sbin:/sbin:/usr/local/git/bin:/Users/tompearson/.rvm/bin
14 verbose lifecycle d3-londoncarto@0.0.1~test: CWD: /Users/tompearson/Sites/london-carto
15 silly lifecycle d3-londoncarto@0.0.1~test: Args: [ '-c', 'tape \'test/**/*-test.js\'' ]
16 silly lifecycle d3-londoncarto@0.0.1~test: Returned: code: 1  signal: null
17 info lifecycle d3-londoncarto@0.0.1~test: Failed to exec test script
18 verbose stack Error: d3-londoncarto@0.0.1 test: `tape 'test/**/*-test.js'`
18 verbose stack Exit status 1
18 verbose stack     at EventEmitter.<anonymous> (/Users/tompearson/.nvm/versions/node/v6.2.2/lib/node_modules/npm/lib/utils/lifecycle.js:245:16)
18 verbose stack     at emitTwo (events.js:106:13)
18 verbose stack     at EventEmitter.emit (events.js:191:7)
18 verbose stack     at ChildProcess.<anonymous> (/Users/tompearson/.nvm/versions/node/v6.2.2/lib/node_modules/npm/lib/utils/spawn.js:24:14)
18 verbose stack     at emitTwo (events.js:106:13)
18 verbose stack     at ChildProcess.emit (events.js:191:7)
18 verbose stack     at maybeClose (internal/child_process.js:852:16)
18 verbose stack     at Process.ChildProcess._handle.onexit (internal/child_process.js:215:5)
19 verbose pkgid d3-londoncarto@0.0.1
20 verbose cwd /Users/tompearson/Sites/london-carto
21 error Darwin 16.4.0
22 error argv "/Users/tompearson/.nvm/versions/node/v6.2.2/bin/node" "/Users/tompearson/.nvm/versions/node/v6.2.2/bin/npm" "run" "test"
23 error node v6.2.2
24 error npm  v3.9.5
25 error code ELIFECYCLE
26 error d3-londoncarto@0.0.1 test: `tape 'test/**/*-test.js'`
26 error Exit status 1
27 error Failed at the d3-londoncarto@0.0.1 test script 'tape 'test/**/*-test.js''.
27 error Make sure you have the latest version of node.js and npm installed.
27 error If you do, this is most likely a problem with the d3-londoncarto package,
27 error not with npm itself.
27 error Tell the author that this fails on your system:
27 error     tape 'test/**/*-test.js'
27 error You can get information on how to open an issue for this project with:
27 error     npm bugs d3-londoncarto
27 error Or if that isn't available, you can get their info via:
27 error     npm owner ls d3-londoncarto
27 error There is likely additional logging output above.
28 verbose exit [ 1, true ]
